<?xml version="1.0" encoding="UTF-8"?>
<testng-results ignored="0" total="1" passed="1" failed="0" skipped="0">
  <reporter-output>
  </reporter-output>
  <suite started-at="2026-02-07T14:36:51 IST" name="Default suite" finished-at="2026-02-07T14:37:15 IST" duration-ms="24567">
    <groups>
    </groups>
    <test started-at="2026-02-07T14:36:51 IST" name="Default test" finished-at="2026-02-07T14:37:15 IST" duration-ms="24567">
      <class name="ogr.automation.modularFramework.TC_BuyProduct_003_Test">
        <test-method is-config="true" signature="browserSetUp()[pri:0, instance:ogr.automation.modularFramework.TC_BuyProduct_003_Test@7c9d8e2]" started-at="2026-02-07T14:36:51 IST" name="browserSetUp" finished-at="2026-02-07T14:36:59 IST" duration-ms="8154" status="PASS">
          <reporter-output>
          </reporter-output>
        </test-method> <!-- browserSetUp -->
        <test-method is-config="true" signature="login()[pri:0, instance:ogr.automation.modularFramework.TC_BuyProduct_003_Test@7c9d8e2]" started-at="2026-02-07T14:36:59 IST" name="login" finished-at="2026-02-07T14:37:01 IST" duration-ms="1919" status="PASS">
          <reporter-output>
          </reporter-output>
        </test-method> <!-- login -->
        <test-method signature="buyProductMethod()[pri:0, instance:ogr.automation.modularFramework.TC_BuyProduct_003_Test@7c9d8e2]" started-at="2026-02-07T14:37:01 IST" name="buyProductMethod" finished-at="2026-02-07T14:37:14 IST" duration-ms="12761" status="PASS">
          <reporter-output>
          </reporter-output>
        </test-method> <!-- buyProductMethod -->
        <test-method is-config="true" signature="logout()[pri:0, instance:ogr.automation.modularFramework.TC_BuyProduct_003_Test@7c9d8e2]" started-at="2026-02-07T14:37:14 IST" name="logout" finished-at="2026-02-07T14:37:15 IST" duration-ms="1052" status="PASS">
          <reporter-output>
          </reporter-output>
        </test-method> <!-- logout -->
        <test-method is-config="true" signature="browserTearDown()[pri:0, instance:ogr.automation.modularFramework.TC_BuyProduct_003_Test@7c9d8e2]" started-at="2026-02-07T14:37:15 IST" name="browserTearDown" finished-at="2026-02-07T14:37:15 IST" duration-ms="564" status="PASS">
          <reporter-output>
          </reporter-output>
        </test-method> <!-- browserTearDown -->
      </class> <!-- ogr.automation.modularFramework.TC_BuyProduct_003_Test -->
    </test> <!-- Default test -->
  </suite> <!-- Default suite -->
</testng-results>
