<?xml version="1.0" encoding="UTF-8"?>
<testng-results ignored="0" total="1" passed="1" failed="0" skipped="0">
  <reporter-output>
  </reporter-output>
  <suite started-at="2026-01-30T11:45:48 IST" name="Default suite" finished-at="2026-01-30T11:46:07 IST" duration-ms="18955">
    <groups>
    </groups>
    <test started-at="2026-01-30T11:45:48 IST" name="Default test" finished-at="2026-01-30T11:46:07 IST" duration-ms="18955">
      <class name="ogr.automation.modularFramework.TC_BuyProduct_003_Test">
        <test-method is-config="true" signature="browserSetUp()[pri:0, instance:ogr.automation.modularFramework.TC_BuyProduct_003_Test@7c9d8e2]" started-at="2026-01-30T11:45:48 IST" name="browserSetUp" finished-at="2026-01-30T11:45:52 IST" duration-ms="4111" status="PASS">
          <reporter-output>
          </reporter-output>
        </test-method> <!-- browserSetUp -->
        <test-method is-config="true" signature="login()[pri:0, instance:ogr.automation.modularFramework.TC_BuyProduct_003_Test@7c9d8e2]" started-at="2026-01-30T11:45:52 IST" name="login" finished-at="2026-01-30T11:45:56 IST" duration-ms="3232" status="PASS">
          <reporter-output>
          </reporter-output>
        </test-method> <!-- login -->
        <test-method signature="buyProductMethod()[pri:0, instance:ogr.automation.modularFramework.TC_BuyProduct_003_Test@7c9d8e2]" started-at="2026-01-30T11:45:56 IST" name="buyProductMethod" finished-at="2026-01-30T11:46:05 IST" duration-ms="9807" status="PASS">
          <reporter-output>
          </reporter-output>
        </test-method> <!-- buyProductMethod -->
        <test-method is-config="true" signature="logout()[pri:0, instance:ogr.automation.modularFramework.TC_BuyProduct_003_Test@7c9d8e2]" started-at="2026-01-30T11:46:05 IST" name="logout" finished-at="2026-01-30T11:46:07 IST" duration-ms="1169" status="PASS">
          <reporter-output>
          </reporter-output>
        </test-method> <!-- logout -->
        <test-method is-config="true" signature="browserTearDown()[pri:0, instance:ogr.automation.modularFramework.TC_BuyProduct_003_Test@7c9d8e2]" started-at="2026-01-30T11:46:07 IST" name="browserTearDown" finished-at="2026-01-30T11:46:07 IST" duration-ms="535" status="PASS">
          <reporter-output>
          </reporter-output>
        </test-method> <!-- browserTearDown -->
      </class> <!-- ogr.automation.modularFramework.TC_BuyProduct_003_Test -->
    </test> <!-- Default test -->
  </suite> <!-- Default suite -->
</testng-results>
