<?xml version="1.0" encoding="UTF-8"?>
<!-- Generated by org.testng.reporters.JUnitReportReporter -->
<testsuite hostname="LAPTOP-6NAHQRLV" failures="0" tests="3" name="org.ConfigurationAnnotations.ConfigurationAnnotations" time="0.094" errors="0" timestamp="2026-01-12T14:34:29 IST" skipped="0">
  <testcase classname="org.ConfigurationAnnotations.ConfigurationAnnotations" name="testCase1" time="0.040">
    <system-out>
      <![CDATA[This is @Test method 1]]>
    </system-out>
  </testcase> <!-- testCase1 -->
  <testcase classname="org.ConfigurationAnnotations.ConfigurationAnnotations" name="testCase2" time="0.042">
    <system-out>
      <![CDATA[This is @Test method 2]]>
    </system-out>
  </testcase> <!-- testCase2 -->
  <testcase classname="org.ConfigurationAnnotations.ConfigurationAnnotations" name="testCase3" time="0.012">
    <system-out>
      <![CDATA[This is @Test method 3]]>
    </system-out>
  </testcase> <!-- testCase3 -->
  <system-out>
    <![CDATA[This is @BeforeSuite method 
This is @BeforeTest method
This is @BeforeClass 
This is @BeforeMethod 
This is @Test method 1
This is @AfterMethod method 
This is @BeforeMethod 
This is @Test method 2
This is @AfterMethod method 
This is @BeforeMethod 
This is @Test method 3
This is @AfterMethod method 
This is @Afterclass method 
This is @AfterTest method 
This is @AfterSuite method ]]>
  </system-out>
</testsuite> <!-- org.ConfigurationAnnotations.ConfigurationAnnotations -->
