<?xml version="1.0" encoding="UTF-8"?>
<!-- Generated by org.testng.reporters.JUnitReportReporter -->
<testsuite hostname="LAPTOP-6NAHQRLV" failures="0" tests="1" name="org.automation.testNGFramework.TC_001_AddToCartTest" time="9.121" errors="0" timestamp="2026-02-07T14:04:04 IST" skipped="0">
  <testcase classname="org.automation.testNGFramework.TC_001_AddToCartTest" name="addToCart" time="9.121">
    <system-out>
      <![CDATA[Product is added to cart]]>
    </system-out>
  </testcase> <!-- addToCart -->
  <system-out>
    <![CDATA[Product is added to cart]]>
  </system-out>
</testsuite> <!-- org.automation.testNGFramework.TC_001_AddToCartTest -->
