<?xml version="1.0" encoding="UTF-8"?>
<!-- Generated by org.testng.reporters.JUnitReportReporter -->
<testsuite hostname="LAPTOP-6NAHQRLV" failures="0" tests="1" name="org.automation.groupExecution.Shahid" time="4.501" errors="0" timestamp="2026-01-09T14:02:57 IST" skipped="0">
  <testcase classname="org.automation.groupExecution.Shahid" name="launchShahid" time="4.501">
    <system-out>
      <![CDATA[launching Shahid Page]]>
    </system-out>
  </testcase> <!-- launchShahid -->
  <system-out>
    <![CDATA[launching SRK Page
launching Shahid Page
launching Yash Page
launching Vicky Page]]>
  </system-out>
</testsuite> <!-- org.automation.groupExecution.Shahid -->
