<?xml version="1.0" encoding="UTF-8"?>
<!-- Generated by org.testng.reporters.JUnitReportReporter -->
<testsuite hostname="LAPTOP-6NAHQRLV" failures="0" tests="1" name="org.automation.groupExecution.AlluArjun" time="7.023" errors="0" timestamp="2026-01-09T11:24:41 IST" skipped="0">
  <testcase classname="org.automation.groupExecution.AlluArjun" name="launchAlluArjun" time="7.023">
    <system-out>
      <![CDATA[launching Allu Arjun Page]]>
    </system-out>
  </testcase> <!-- launchAlluArjun -->
  <system-out>
    <![CDATA[launching SRK Page
launching Shahid Page
launching Yash Page
launching Vicky Page
launching Allu Arjun Page]]>
  </system-out>
</testsuite> <!-- org.automation.groupExecution.AlluArjun -->
