<?xml version="1.0" encoding="UTF-8"?>
<!-- Generated by org.testng.reporters.JUnitReportReporter -->
<testsuite hostname="LAPTOP-6NAHQRLV" failures="0" tests="1" name="org.automation.testNGFramework.TC_001_AddToCartTest" time="6.418" errors="0" timestamp="2026-01-14T12:37:12 IST" skipped="0">
  <testcase classname="org.automation.testNGFramework.TC_001_AddToCartTest" name="addToCart" time="6.418">
    <system-out>
      <![CDATA[[TestCase addToCart has started]
Product is added to cart
[TestCase addToCart has successfully executed]]]>
    </system-out>
  </testcase> <!-- addToCart -->
  <system-out>
    <![CDATA[<test> Test has started
[TestCase addToCart has started]
Product is added to cart
[TestCase addToCart has successfully executed]]]>
  </system-out>
</testsuite> <!-- org.automation.testNGFramework.TC_001_AddToCartTest -->
