<?xml version="1.0" encoding="UTF-8"?>
<!-- Generated by org.testng.reporters.JUnitReportReporter -->
<testsuite hostname="LAPTOP-6NAHQRLV" failures="0" tests="5" name="org.automation.testNGLearning.PriorityOnTC" time="85.058" errors="0" timestamp="2026-01-06T11:54:33 IST" skipped="0">
  <testcase classname="org.automation.testNGLearning.PriorityOnTC" name="register" time="23.299"/>
  <testcase classname="org.automation.testNGLearning.PriorityOnTC" name="login" time="13.591"/>
  <testcase classname="org.automation.testNGLearning.PriorityOnTC" name="login" time="15.599"/>
  <testcase classname="org.automation.testNGLearning.PriorityOnTC" name="login" time="16.071"/>
  <testcase classname="org.automation.testNGLearning.PriorityOnTC" name="login" time="16.498"/>
</testsuite> <!-- org.automation.testNGLearning.PriorityOnTC -->
