<?xml version="1.0" encoding="UTF-8"?>
<!-- Generated by org.testng.reporters.JUnitReportReporter -->
<testsuite hostname="LAPTOP-6NAHQRLV" failures="0" tests="1" name="ogr.automation.modularFramework.TC_RemoveProductFromCart_002_Test" time="25.653" errors="0" timestamp="2026-01-22T08:59:07 IST" skipped="0">
  <testcase classname="ogr.automation.modularFramework.TC_RemoveProductFromCart_002_Test" name="removeProductFromCartmethod" time="25.653">
    <system-out>
      <![CDATA[Product is removed from cart ||]]>
    </system-out>
  </testcase> <!-- removeProductFromCartmethod -->
  <system-out>
    <![CDATA[Product is removed from cart ||]]>
  </system-out>
</testsuite> <!-- ogr.automation.modularFramework.TC_RemoveProductFromCart_002_Test -->
