<?xml version="1.0" encoding="UTF-8"?>
<!-- Generated by org.testng.reporters.JUnitReportReporter -->
<testsuite hostname="LAPTOP-6NAHQRLV" failures="0" tests="3" name="org.automation.testNGLearning.Demo" time="0.030" errors="0" timestamp="2026-01-03T22:23:23 IST" skipped="0">
  <testcase classname="org.automation.testNGLearning.Demo" name="m1" time="0.019">
    <system-out>
      <![CDATA[test case 2 executed]]>
    </system-out>
  </testcase> <!-- m1 -->
  <testcase classname="org.automation.testNGLearning.Demo" name="test" time="0.007">
    <system-out>
      <![CDATA[test case 1 executed]]>
    </system-out>
  </testcase> <!-- test -->
  <testcase classname="org.automation.testNGLearning.Demo" name="method1" time="0.004">
    <system-out>
      <![CDATA[test case 3 executed]]>
    </system-out>
  </testcase> <!-- method1 -->
  <system-out>
    <![CDATA[test case 2 executed
test case 3 executed
test case 1 executed]]>
  </system-out>
</testsuite> <!-- org.automation.testNGLearning.Demo -->
