<?xml version="1.0" encoding="UTF-8"?>
<!-- Generated by org.testng.reporters.JUnitReportReporter -->
<testsuite hostname="LAPTOP-6NAHQRLV" failures="0" tests="1" name="org.automation.groupExecution.SRK" time="6.671" errors="0" timestamp="2026-01-09T14:02:57 IST" skipped="0">
  <testcase classname="org.automation.groupExecution.SRK" name="launchSRK" time="6.671">
    <system-out>
      <![CDATA[launching SRK Page]]>
    </system-out>
  </testcase> <!-- launchSRK -->
  <system-out>
    <![CDATA[launching SRK Page
launching Shahid Page
launching Yash Page
launching Vicky Page]]>
  </system-out>
</testsuite> <!-- org.automation.groupExecution.SRK -->
