<?xml version="1.0" encoding="UTF-8"?>
<!-- Generated by org.testng.reporters.JUnitReportReporter -->
<testsuite hostname="LAPTOP-6NAHQRLV" failures="0" tests="3" name="Practice.priority" time="12.639" errors="0" timestamp="2026-01-06T14:31:11 IST" skipped="1">
  <testcase classname="Practice.priority" name="launchingPurplle" time="3.400"/>
  <testcase classname="Practice.priority" name="launchingKalkiFashion" time="9.239"/>
  <testcase classname="Practice.priority" name="launchingFullyFilmy">
    <skipped/>
  </testcase> <!-- launchingFullyFilmy -->
</testsuite> <!-- Practice.priority -->
