<?xml version="1.0" encoding="UTF-8"?>
<!-- Generated by org.testng.reporters.JUnitReportReporter -->
<testsuite hostname="LAPTOP-6NAHQRLV" failures="0" tests="4" name="Practice.Priority1tc" time="41.703" errors="0" timestamp="2026-01-06T14:28:56 IST" skipped="0">
  <testcase classname="Practice.Priority1tc" name="register" time="8.035"/>
  <testcase classname="Practice.Priority1tc" name="login" time="11.217"/>
  <testcase classname="Practice.Priority1tc" name="login" time="11.340"/>
  <testcase classname="Practice.Priority1tc" name="login" time="11.111"/>
</testsuite> <!-- Practice.Priority1tc -->
