<?xml version="1.0" encoding="UTF-8"?>
<!-- Generated by org.testng.reporters.JUnitReportReporter -->
<testsuite hostname="LAPTOP-6NAHQRLV" failures="0" tests="3" name="org.automation.dataProvider.DataProvider1" time="39.382" errors="0" timestamp="2026-01-16T11:46:37 IST" skipped="0">
  <testcase classname="org.automation.dataProvider.DataProvider1" name="login" time="14.110"/>
  <testcase classname="org.automation.dataProvider.DataProvider1" name="login" time="11.726"/>
  <testcase classname="org.automation.dataProvider.DataProvider1" name="login" time="13.546"/>
</testsuite> <!-- org.automation.dataProvider.DataProvider1 -->
