<?xml version="1.0" encoding="UTF-8"?>
<!-- Generated by org.testng.reporters.JUnitReportReporter -->
<testsuite hostname="LAPTOP-6NAHQRLV" failures="0" tests="3" name="org.automation.dataProvider.DataProvider2" time="29.162" errors="0" timestamp="2026-01-17T22:50:45 IST" skipped="0">
  <testcase classname="org.automation.dataProvider.DataProvider2" name="invalidLogin" time="10.583"/>
  <testcase classname="org.automation.dataProvider.DataProvider2" name="invalidLogin" time="9.287"/>
  <testcase classname="org.automation.dataProvider.DataProvider2" name="invalidLogin" time="9.292"/>
</testsuite> <!-- org.automation.dataProvider.DataProvider2 -->
