<?xml version="1.0" encoding="UTF-8"?>
<!-- Generated by org.testng.reporters.JUnitReportReporter -->
<testsuite hostname="LAPTOP-6NAHQRLV" failures="0" tests="3" name="org.automation.testNGLearning.UnderstandingPriority" time="103.798" errors="0" timestamp="2026-01-07T11:24:33 IST" skipped="0">
  <testcase classname="org.automation.testNGLearning.UnderstandingPriority" name="launchingPurple" time="35.225"/>
  <testcase classname="org.automation.testNGLearning.UnderstandingPriority" name="launchingFullyFilmy" time="38.921"/>
  <testcase classname="org.automation.testNGLearning.UnderstandingPriority" name="launchingKalkiFashion" time="29.652"/>
</testsuite> <!-- org.automation.testNGLearning.UnderstandingPriority -->
