<?xml version="1.0" encoding="UTF-8"?>
<!-- Generated by org.testng.reporters.JUnitReportReporter -->
<testsuite hostname="LAPTOP-6NAHQRLV" failures="0" tests="2" name="Practice.dependsOnmethods" time="13.021" errors="0" timestamp="2026-01-07T14:13:23 IST" skipped="0">
  <testcase classname="Practice.dependsOnmethods" name="lauchingSuzuki" time="6.426"/>
  <testcase classname="Practice.dependsOnmethods" name="launchingFlipcart" time="6.595"/>
</testsuite> <!-- Practice.dependsOnmethods -->
