<?xml version="1.0" encoding="UTF-8"?>
<!-- Generated by org.testng.reporters.JUnitReportReporter -->
<testsuite hostname="LAPTOP-6NAHQRLV" failures="0" tests="1" name="org.automation.groupExecution.Yash" time="4.801" errors="0" timestamp="2026-01-09T14:02:57 IST" skipped="0">
  <testcase classname="org.automation.groupExecution.Yash" name="launchYash" time="4.801">
    <system-out>
      <![CDATA[launching Yash Page]]>
    </system-out>
  </testcase> <!-- launchYash -->
  <system-out>
    <![CDATA[launching SRK Page
launching Shahid Page
launching Yash Page
launching Vicky Page]]>
  </system-out>
</testsuite> <!-- org.automation.groupExecution.Yash -->
