<?xml version="1.0" encoding="UTF-8"?>
<!-- Generated by org.testng.reporters.JUnitReportReporter -->
<testsuite hostname="LAPTOP-6NAHQRLV" failures="0" tests="3" name="Practice.Configanno" time="0.038" errors="0" timestamp="2026-01-12T14:52:59 IST" skipped="0">
  <testcase classname="Practice.Configanno" name="tetcase1" time="0.019">
    <system-out>
      <![CDATA[This is @Test method 1]]>
    </system-out>
  </testcase> <!-- tetcase1 -->
  <testcase classname="Practice.Configanno" name="tetcase2" time="0.009">
    <system-out>
      <![CDATA[This is @Test method 2]]>
    </system-out>
  </testcase> <!-- tetcase2 -->
  <testcase classname="Practice.Configanno" name="tetcase3" time="0.010">
    <system-out>
      <![CDATA[This is @Test method 3]]>
    </system-out>
  </testcase> <!-- tetcase3 -->
  <system-out>
    <![CDATA[This is @BeforeSuite
This is @BeforeTest
This is @BeforeClass
This is @BeforeMethod 
This is @Test method 1
This is @AfterMethod 
This is @BeforeMethod 
This is @Test method 2
This is @AfterMethod 
This is @BeforeMethod 
This is @Test method 3
This is @AfterMethod 
This is @AfterClass 
This is @AfterTest
This is @AfterSuite ]]>
  </system-out>
</testsuite> <!-- Practice.Configanno -->
