<?xml version="1.0" encoding="UTF-8"?>
<!-- Generated by org.testng.reporters.JUnitReportReporter -->
<testsuite hostname="LAPTOP-6NAHQRLV" failures="0" tests="1" name="org.automation.batchexecution.Suzuki" time="10.212" errors="0" timestamp="2026-01-08T14:33:45 IST" skipped="0">
  <testcase classname="org.automation.batchexecution.Suzuki" name="launchingHayabusa" time="10.212">
    <system-out>
      <![CDATA[Launched Suzuki]]>
    </system-out>
  </testcase> <!-- launchingHayabusa -->
  <system-out>
    <![CDATA[Launched 42 bobber
Launched Perak
Launched Suzuki]]>
  </system-out>
</testsuite> <!-- org.automation.batchexecution.Suzuki -->
