<?xml version="1.0" encoding="UTF-8"?>
<!-- Generated by org.testng.reporters.JUnitReportReporter -->
<testsuite hostname="LAPTOP-6NAHQRLV" failures="0" tests="1" name="org.automation.groupExecution.Vicky" time="3.996" errors="0" timestamp="2026-01-09T14:02:57 IST" skipped="0">
  <testcase classname="org.automation.groupExecution.Vicky" name="launchVicky" time="3.996">
    <system-out>
      <![CDATA[launching Vicky Page]]>
    </system-out>
  </testcase> <!-- launchVicky -->
  <system-out>
    <![CDATA[launching SRK Page
launching Shahid Page
launching Yash Page
launching Vicky Page]]>
  </system-out>
</testsuite> <!-- org.automation.groupExecution.Vicky -->
