<?xml version="1.0" encoding="UTF-8"?>
<!-- Generated by org.testng.reporters.JUnitReportReporter -->
<testsuite hostname="LAPTOP-6NAHQRLV" failures="0" tests="2" name="org.automation.batchexecution.Jawa" time="18.847" errors="0" timestamp="2026-01-08T14:33:45 IST" skipped="0">
  <testcase classname="org.automation.batchexecution.Jawa" name="launchingPerak" time="9.472">
    <system-out>
      <![CDATA[Launched Perak]]>
    </system-out>
  </testcase> <!-- launchingPerak -->
  <testcase classname="org.automation.batchexecution.Jawa" name="launching42Bobber" time="9.375">
    <system-out>
      <![CDATA[Launched 42 bobber]]>
    </system-out>
  </testcase> <!-- launching42Bobber -->
  <system-out>
    <![CDATA[Launched 42 bobber
Launched Perak
Launched Suzuki]]>
  </system-out>
</testsuite> <!-- org.automation.batchexecution.Jawa -->
