<?xml version="1.0" encoding="UTF-8"?>
<!-- Generated by org.testng.reporters.JUnitXMLReporter -->
<testsuite ignored="0" hostname="LAPTOP-6NAHQRLV" failures="0" tests="4" name="Test1" time="30.297" errors="0" timestamp="2026-01-08T14:54:42 IST">
  <testcase classname="org.parallelExecution.Hardik" name="launchWiki" time="6.194"/>
  <testcase classname="org.parallelExecution.Dhoni" name="launchWiki" time="4.869"/>
  <testcase classname="org.parallelExecution.Virat" name="launchWiki" time="10.69"/>
  <testcase classname="org.parallelExecution.Jadeja" name="launchWiki" time="8.342"/>
</testsuite> <!-- Test1 -->
