<?xml version="1.0" encoding="UTF-8"?>
<!-- Generated by org.testng.reporters.JUnitXMLReporter -->
<testsuite ignored="0" hostname="LAPTOP-6NAHQRLV" failures="0" tests="4" name="Test2" time="30.372" errors="0" timestamp="2026-01-08T14:54:42 IST">
  <testcase classname="org.parallelExecution.KLRahul" name="launchWiki" time="6.587"/>
  <testcase classname="org.parallelExecution.SuryaKumar" name="launchWiki" time="5.821"/>
  <testcase classname="org.parallelExecution.Rohit" name="launchWiki" time="7.515"/>
  <testcase classname="org.parallelExecution.Sachin" name="launchWiki" time="10.279"/>
</testsuite> <!-- Test2 -->
