<?xml version="1.0" encoding="UTF-8"?>
<!-- Generated by org.testng.reporters.JUnitReportReporter -->
<testsuite hostname="LAPTOP-6NAHQRLV" failures="0" tests="1" name="org.testPackage.TC_RemoveProductFromCart_002_Test" time="32.798" errors="0" timestamp="2026-02-10T12:43:29 IST" skipped="0">
  <testcase classname="org.testPackage.TC_RemoveProductFromCart_002_Test" name="removeProductFromCartmethod" time="32.798">
    <system-out>
      <![CDATA[[TestCase removeProductFromCartmethod has started]
Product is removed from cart ||
[TestCase removeProductFromCartmethod has successfully executed]]]>
    </system-out>
  </testcase> <!-- removeProductFromCartmethod -->
  <system-out>
    <![CDATA[<test> Test has started
[TestCase addToCartMethod has started]
[TestCase addToCartMethod has failed]
[TestCase removeProductFromCartmethod has started]
Product is removed from cart ||
[TestCase removeProductFromCartmethod has successfully executed]
[TestCase buyProductMethod has started]
[TestCase buyProductMethod has successfully executed]]]>
  </system-out>
</testsuite> <!-- org.testPackage.TC_RemoveProductFromCart_002_Test -->
